2015-10-12 16:57:58.171000 == 文件：D:\Database\Traffica_2015-10-12_140007\solmsg1.out
2015-10-12 16:57:58.171000 == ========================================================================================
2015-10-12 16:57:58.172000 == 2015-10-12 02:02:09 User 'TRAFFICA' transaction timed out, user id 7, machine id TRAFFICA
2015-10-12 16:57:58.173000 == 2015-10-12 08:01:18 User 'TRAFFICA' connection timed out, user id 7, machine id TRAFFICA
2015-10-12 16:57:58.173000 == ========================================================================================
2015-10-12 17:05:23.461000 == 文件：D:\Database\Traffica_2015-10-12_140007\solmsg.out
2015-10-12 17:05:23.462000 == ========================================================================================
2015-10-12 17:05:23.463000 == 2015-10-12 02:02:09 User 'TRAFFICA' transaction timed out, user id 7, machine id TRAFFICA
2015-10-12 17:05:23.463000 == 2015-10-12 08:01:18 User 'TRAFFICA' connection timed out, user id 7, machine id TRAFFICA
2015-10-12 17:05:23.463000 == ========================================================================================
2015-10-12 17:05:34.996000 == 文件：D:\Database\Traffica_2015-10-12_140007\solmsg.out
2015-10-12 17:05:34.996000 == ========================================================================================
2015-10-12 17:05:34.998000 == 2015-10-12 02:02:09 User 'TRAFFICA' transaction timed out, user id 7, machine id TRAFFICA
2015-10-12 17:05:34.998000 == 2015-10-12 08:01:18 User 'TRAFFICA' connection timed out, user id 7, machine id TRAFFICA
2015-10-12 17:05:34.998000 == ========================================================================================
2015-10-12 17:15:18.036000 == 文件：D:\Database\Traffica_2015-10-12_140007\solmsg.out
2015-10-12 17:15:18.042000 == ========================================================================================
2015-10-12 17:15:18.043000 == 2015-10-12 02:02:09 User 'TRAFFICA' transaction timed out, user id 7, machine id TRAFFICA
2015-10-12 17:15:18.043000 == 2015-10-12 08:01:18 User 'TRAFFICA' connection timed out, user id 7, machine id TRAFFICA
2015-10-12 17:15:18.044000 == ========================================================================================
2015-10-12 17:16:47.363000 == 文件：D:\Database\Traffica_2015-10-12_140007\solmsg.out
2015-10-12 17:16:47.363000 == ========================================================================================
2015-10-12 17:16:47.364000 == 2015-10-12 02:02:09 User 'TRAFFICA' transaction timed out, user id 7, machine id TRAFFICA
2015-10-12 17:16:47.365000 == 2015-10-12 08:01:18 User 'TRAFFICA' connection timed out, user id 7, machine id TRAFFICA
2015-10-12 17:16:47.365000 == ========================================================================================
2015-10-12 17:18:59.823000 == 文件：D:\Database\Traffica\Traffica_2015-10-12_140007\solmsg.out
2015-10-12 17:18:59.823000 == ========================================================================================
2015-10-12 17:18:59.824000 == 2015-10-12 02:02:09 User 'TRAFFICA' transaction timed out, user id 7, machine id TRAFFICA
2015-10-12 17:18:59.824000 == 2015-10-12 08:01:18 User 'TRAFFICA' connection timed out, user id 7, machine id TRAFFICA
2015-10-12 17:18:59.824000 == ========================================================================================
